# JRE version: Java(TM) SE Runtime Environment (8.0_91-b14) (build 1.8.0_91-b14)
# Java VM: Java HotSpot(TM) 64-Bit Server VM (25.91-b14 mixed mode windows-amd64 compressed oops)
Heap:
 PSYoungGen      total 100864K, used 91055K [0x00000000eab00000, 0x00000000f3280000, 0x0000000100000000)
  eden space 89600K, 94% used [0x00000000eab00000,0x00000000efe06c60,0x00000000f0280000)
  from space 11264K, 53% used [0x00000000f1000000,0x00000000f15e5328,0x00000000f1b00000)
  to   space 13824K, 0% used [0x00000000f0280000,0x00000000f0280000,0x00000000f1000000)
 ParOldGen       total 66560K, used 53962K [0x00000000c0000000, 0x00000000c4100000, 0x00000000eab00000)
  object space 66560K, 81% used [0x00000000c0000000,0x00000000c34b2b18,0x00000000c4100000)
 Metaspace       used 54532K, capacity 56362K, committed 56576K, reserved 1097728K
  class space    used 7406K, capacity 7819K, committed 7936K, reserved 1048576K
GC Heap History (10 events):
Event: 39.357 GC heap before
{Heap before GC invocations=19 (full 2):
 PSYoungGen      total 102400K, used 102120K [0x00000000eab00000, 0x00000000f1b00000, 0x0000000100000000)
  eden space 91136K, 100% used [0x00000000eab00000,0x00000000f0400000,0x00000000f0400000)
  from space 11264K, 97% used [0x00000000f1000000,0x00000000f1aba2a8,0x00000000f1b00000)
  to   space 11776K, 0% used [0x00000000f0400000,0x00000000f0400000,0x00000000f0f80000)
 ParOldGen       total 66560K, used 35187K [0x00000000c0000000, 0x00000000c4100000, 0x00000000eab00000)
  object space 66560K, 52% used [0x00000000c0000000,0x00000000c225cd78,0x00000000c4100000)
 Metaspace       used 52692K, capacity 54056K, committed 54144K, reserved 1095680K
  class space    used 7215K, capacity 7540K, committed 7552K, reserved 1048576K
Event: 39.391 GC heap after
Heap after GC invocations=19 (full 2):
 PSYoungGen      total 102912K, used 10079K [0x00000000eab00000, 0x00000000f1b00000, 0x0000000100000000)
  eden space 91136K, 0% used [0x00000000eab00000,0x00000000eab00000,0x00000000f0400000)
  from space 11776K, 85% used [0x00000000f0400000,0x00000000f0dd7c28,0x00000000f0f80000)
  to   space 11264K, 0% used [0x00000000f1000000,0x00000000f1000000,0x00000000f1b00000)
 ParOldGen       total 66560K, used 44533K [0x00000000c0000000, 0x00000000c4100000, 0x00000000eab00000)
  object space 66560K, 66% used [0x00000000c0000000,0x00000000c2b7d5b8,0x00000000c4100000)
 Metaspace       used 52692K, capacity 54056K, committed 54144K, reserved 1095680K
  class space    used 7215K, capacity 7540K, committed 7552K, reserved 1048576K
}
Event: 40.199 GC heap before
{Heap before GC invocations=20 (full 2):
 PSYoungGen      total 102912K, used 28724K [0x00000000eab00000, 0x00000000f1b00000, 0x0000000100000000)
  eden space 91136K, 20% used [0x00000000eab00000,0x00000000ebd35708,0x00000000f0400000)
  from space 11776K, 85% used [0x00000000f0400000,0x00000000f0dd7c28,0x00000000f0f80000)
  to   space 11264K, 0% used [0x00000000f1000000,0x00000000f1000000,0x00000000f1b00000)
 ParOldGen       total 66560K, used 44533K [0x00000000c0000000, 0x00000000c4100000, 0x00000000eab00000)
  object space 66560K, 66% used [0x00000000c0000000,0x00000000c2b7d5b8,0x00000000c4100000)
 Metaspace       used 53633K, capacity 55230K, committed 55424K, reserved 1097728K
  class space    used 7349K, capacity 7745K, committed 7808K, reserved 1048576K
Event: 40.216 GC heap after
Heap after GC invocations=20 (full 2):
 PSYoungGen      total 102400K, used 1996K [0x00000000eab00000, 0x00000000f1b00000, 0x0000000100000000)
  eden space 91136K, 0% used [0x00000000eab00000,0x00000000eab00000,0x00000000f0400000)
  from space 11264K, 17% used [0x00000000f1000000,0x00000000f11f3050,0x00000000f1b00000)
  to   space 11776K, 0% used [0x00000000f0400000,0x00000000f0400000,0x00000000f0f80000)
 ParOldGen       total 66560K, used 53357K [0x00000000c0000000, 0x00000000c4100000, 0x00000000eab00000)
  object space 66560K, 80% used [0x00000000c0000000,0x00000000c341b608,0x00000000c4100000)
 Metaspace       used 53633K, capacity 55230K, committed 55424K, reserved 1097728K
  class space    used 7349K, capacity 7745K, committed 7808K, reserved 1048576K
}
Event: 40.216 GC heap before
{Heap before GC invocations=21 (full 3):
 PSYoungGen      total 102400K, used 1996K [0x00000000eab00000, 0x00000000f1b00000, 0x0000000100000000)
  eden space 91136K, 0% used [0x00000000eab00000,0x00000000eab00000,0x00000000f0400000)
  from space 11264K, 17% used [0x00000000f1000000,0x00000000f11f3050,0x00000000f1b00000)
  to   space 11776K, 0% used [0x00000000f0400000,0x00000000f0400000,0x00000000f0f80000)
 ParOldGen       total 66560K, used 53357K [0x00000000c0000000, 0x00000000c4100000, 0x00000000eab00000)
  object space 66560K, 80% used [0x00000000c0000000,0x00000000c341b608,0x00000000c4100000)
 Metaspace       used 53633K, capacity 55230K, committed 55424K, reserved 1097728K
  class space    used 7349K, capacity 7745K, committed 7808K, reserved 1048576K
Event: 40.630 GC heap after
Heap after GC invocations=21 (full 3):
 PSYoungGen      total 102400K, used 0K [0x00000000eab00000, 0x00000000f1b00000, 0x0000000100000000)
  eden space 91136K, 0% used [0x00000000eab00000,0x00000000eab00000,0x00000000f0400000)
  from space 11264K, 0% used [0x00000000f1000000,0x00000000f1000000,0x00000000f1b00000)
  to   space 11776K, 0% used [0x00000000f0400000,0x00000000f0400000,0x00000000f0f80000)
 ParOldGen       total 66560K, used 51764K [0x00000000c0000000, 0x00000000c4100000, 0x00000000eab00000)
  object space 66560K, 77% used [0x00000000c0000000,0x00000000c328d070,0x00000000c4100000)
 Metaspace       used 53633K, capacity 55230K, committed 55424K, reserved 1097728K
  class space    used 7349K, capacity 7745K, committed 7808K, reserved 1048576K
}
Event: 52.883 GC heap before
{Heap before GC invocations=22 (full 3):
 PSYoungGen      total 102400K, used 91136K [0x00000000eab00000, 0x00000000f1b00000, 0x0000000100000000)
  eden space 91136K, 100% used [0x00000000eab00000,0x00000000f0400000,0x00000000f0400000)
  from space 11264K, 0% used [0x00000000f1000000,0x00000000f1000000,0x00000000f1b00000)
  to   space 11776K, 0% used [0x00000000f0400000,0x00000000f0400000,0x00000000f0f80000)
 ParOldGen       total 66560K, used 51764K [0x00000000c0000000, 0x00000000c4100000, 0x00000000eab00000)
  object space 66560K, 77% used [0x00000000c0000000,0x00000000c328d070,0x00000000c4100000)
 Metaspace       used 54003K, capacity 55730K, committed 55936K, reserved 1097728K
  class space    used 7377K, capacity 7779K, committed 7808K, reserved 1048576K
Event: 52.887 GC heap after
Heap after GC invocations=22 (full 3):
 PSYoungGen      total 102912K, used 3771K [0x00000000eab00000, 0x00000000f1b00000, 0x0000000100000000)
  eden space 91136K, 0% used [0x00000000eab00000,0x00000000eab00000,0x00000000f0400000)
  from space 11776K, 32% used [0x00000000f0400000,0x00000000f07aef80,0x00000000f0f80000)
  to   space 11264K, 0% used [0x00000000f1000000,0x00000000f1000000,0x00000000f1b00000)
 ParOldGen       total 66560K, used 51772K [0x00000000c0000000, 0x00000000c4100000, 0x00000000eab00000)
  object space 66560K, 77% used [0x00000000c0000000,0x00000000c328f070,0x00000000c4100000)
 Metaspace       used 54003K, capacity 55730K, committed 55936K, reserved 1097728K
  class space    used 7377K, capacity 7779K, committed 7808K, reserved 1048576K
}
Event: 58.386 GC heap before
{Heap before GC invocations=23 (full 3):
 PSYoungGen      total 102912K, used 94907K [0x00000000eab00000, 0x00000000f1b00000, 0x0000000100000000)
  eden space 91136K, 100% used [0x00000000eab00000,0x00000000f0400000,0x00000000f0400000)
  from space 11776K, 32% used [0x00000000f0400000,0x00000000f07aef80,0x00000000f0f80000)
  to   space 11264K, 0% used [0x00000000f1000000,0x00000000f1000000,0x00000000f1b00000)
 ParOldGen       total 66560K, used 51772K [0x00000000c0000000, 0x00000000c4100000, 0x00000000eab00000)
  object space 66560K, 77% used [0x00000000c0000000,0x00000000c328f070,0x00000000c4100000)
 Metaspace       used 54087K, capacity 55812K, committed 55936K, reserved 1097728K
  class space    used 7378K, capacity 7782K, committed 7808K, reserved 1048576K
Event: 58.391 GC heap after
Heap after GC invocations=23 (full 3):
 PSYoungGen      total 100864K, used 6036K [0x00000000eab00000, 0x00000000f3280000, 0x0000000100000000)
  eden space 89600K, 0% used [0x00000000eab00000,0x00000000eab00000,0x00000000f0280000)
  from space 11264K, 53% used [0x00000000f1000000,0x00000000f15e5328,0x00000000f1b00000)
  to   space 13824K, 0% used [0x00000000f0280000,0x00000000f0280000,0x00000000f1000000)
 ParOldGen       total 66560K, used 53962K [0x00000000c0000000, 0x00000000c4100000, 0x00000000eab00000)
  object space 66560K, 81% used [0x00000000c0000000,0x00000000c34b2b18,0x00000000c4100000)
 Metaspace       used 54087K, capacity 55812K, committed 55936K, reserved 1097728K
  class space    used 7378K, capacity 7782K, committed 7808K, reserved 1048576K
}

