# JRE version: Java(TM) SE Runtime Environment (8.0_91-b14) (build 1.8.0_91-b14)
# Java VM: Java HotSpot(TM) 64-Bit Server VM (25.91-b14 mixed mode windows-amd64 compressed oops)
Heap:
 PSYoungGen      total 157696K, used 42527K [0x00000000eab00000, 0x00000000ff980000, 0x0000000100000000)
  eden space 110592K, 38% used [0x00000000eab00000,0x00000000ed487eb0,0x00000000f1700000)
  from space 47104K, 0% used [0x00000000f6000000,0x00000000f6000000,0x00000000f8e00000)
  to   space 74752K, 0% used [0x00000000f1700000,0x00000000f1700000,0x00000000f6000000)
 ParOldGen       total 144896K, used 88295K [0x00000000c0000000, 0x00000000c8d80000, 0x00000000eab00000)
  object space 144896K, 60% used [0x00000000c0000000,0x00000000c5639e98,0x00000000c8d80000)
 Metaspace       used 6113K, capacity 7032K, committed 7296K, reserved 1056768K
  class space    used 608K, capacity 624K, committed 640K, reserved 1048576K
GC Heap History (10 events):
Event: 8.079 GC heap before
{Heap before GC invocations=4 (full 1):
 PSYoungGen      total 71680K, used 5114K [0x00000000eab00000, 0x00000000f3700000, 0x0000000100000000)
  eden space 66560K, 0% used [0x00000000eab00000,0x00000000eab00000,0x00000000eec00000)
  from space 5120K, 99% used [0x00000000eec00000,0x00000000ef0fe840,0x00000000ef100000)
  to   space 5120K, 0% used [0x00000000f3200000,0x00000000f3200000,0x00000000f3700000)
 ParOldGen       total 87552K, used 51071K [0x00000000c0000000, 0x00000000c5580000, 0x00000000eab00000)
  object space 87552K, 58% used [0x00000000c0000000,0x00000000c31dfd28,0x00000000c5580000)
 Metaspace       used 5955K, capacity 7024K, committed 7296K, reserved 1056768K
  class space    used 587K, capacity 616K, committed 640K, reserved 1048576K
Event: 8.650 GC heap after
Heap after GC invocations=4 (full 1):
 PSYoungGen      total 71680K, used 0K [0x00000000eab00000, 0x00000000f3700000, 0x0000000100000000)
  eden space 66560K, 0% used [0x00000000eab00000,0x00000000eab00000,0x00000000eec00000)
  from space 5120K, 0% used [0x00000000eec00000,0x00000000eec00000,0x00000000ef100000)
  to   space 5120K, 0% used [0x00000000f3200000,0x00000000f3200000,0x00000000f3700000)
 ParOldGen       total 144896K, used 49852K [0x00000000c0000000, 0x00000000c8d80000, 0x00000000eab00000)
  object space 144896K, 34% used [0x00000000c0000000,0x00000000c30af078,0x00000000c8d80000)
 Metaspace       used 5955K, capacity 7024K, committed 7296K, reserved 1056768K
  class space    used 587K, capacity 616K, committed 640K, reserved 1048576K
}
Event: 8.813 GC heap before
{Heap before GC invocations=5 (full 1):
 PSYoungGen      total 71680K, used 66560K [0x00000000eab00000, 0x00000000f3700000, 0x0000000100000000)
  eden space 66560K, 100% used [0x00000000eab00000,0x00000000eec00000,0x00000000eec00000)
  from space 5120K, 0% used [0x00000000eec00000,0x00000000eec00000,0x00000000ef100000)
  to   space 5120K, 0% used [0x00000000f3200000,0x00000000f3200000,0x00000000f3700000)
 ParOldGen       total 144896K, used 49852K [0x00000000c0000000, 0x00000000c8d80000, 0x00000000eab00000)
  object space 144896K, 34% used [0x00000000c0000000,0x00000000c30af078,0x00000000c8d80000)
 Metaspace       used 5965K, capacity 7024K, committed 7296K, reserved 1056768K
  class space    used 588K, capacity 616K, committed 640K, reserved 1048576K
Event: 8.848 GC heap after
Heap after GC invocations=5 (full 1):
 PSYoungGen      total 102400K, used 5113K [0x00000000eab00000, 0x00000000f3700000, 0x0000000100000000)
  eden space 97280K, 0% used [0x00000000eab00000,0x00000000eab00000,0x00000000f0a00000)
  from space 5120K, 99% used [0x00000000f3200000,0x00000000f36fe728,0x00000000f3700000)
  to   space 5120K, 0% used [0x00000000f2d00000,0x00000000f2d00000,0x00000000f3200000)
 ParOldGen       total 144896K, used 79385K [0x00000000c0000000, 0x00000000c8d80000, 0x00000000eab00000)
  object space 144896K, 54% used [0x00000000c0000000,0x00000000c4d86518,0x00000000c8d80000)
 Metaspace       used 5965K, capacity 7024K, committed 7296K, reserved 1056768K
  class space    used 588K, capacity 616K, committed 640K, reserved 1048576K
}
Event: 11.267 GC heap before
{Heap before GC invocations=6 (full 1):
 PSYoungGen      total 102400K, used 102393K [0x00000000eab00000, 0x00000000f3700000, 0x0000000100000000)
  eden space 97280K, 100% used [0x00000000eab00000,0x00000000f0a00000,0x00000000f0a00000)
  from space 5120K, 99% used [0x00000000f3200000,0x00000000f36fe728,0x00000000f3700000)
  to   space 5120K, 0% used [0x00000000f2d00000,0x00000000f2d00000,0x00000000f3200000)
 ParOldGen       total 144896K, used 79385K [0x00000000c0000000, 0x00000000c8d80000, 0x00000000eab00000)
  object space 144896K, 54% used [0x00000000c0000000,0x00000000c4d86518,0x00000000c8d80000)
 Metaspace       used 6069K, capacity 7032K, committed 7296K, reserved 1056768K
  class space    used 608K, capacity 624K, committed 640K, reserved 1048576K
Event: 11.320 GC heap after
Heap after GC invocations=6 (full 1):
 PSYoungGen      total 138240K, used 5092K [0x00000000eab00000, 0x00000000f8e00000, 0x0000000100000000)
  eden space 133120K, 0% used [0x00000000eab00000,0x00000000eab00000,0x00000000f2d00000)
  from space 5120K, 99% used [0x00000000f2d00000,0x00000000f31f92e8,0x00000000f3200000)
  to   space 47104K, 0% used [0x00000000f6000000,0x00000000f6000000,0x00000000f8e00000)
 ParOldGen       total 144896K, used 98601K [0x00000000c0000000, 0x00000000c8d80000, 0x00000000eab00000)
  object space 144896K, 68% used [0x00000000c0000000,0x00000000c604a450,0x00000000c8d80000)
 Metaspace       used 6069K, capacity 7032K, committed 7296K, reserved 1056768K
  class space    used 608K, capacity 624K, committed 640K, reserved 1048576K
}
Event: 13.506 GC heap before
{Heap before GC invocations=7 (full 1):
 PSYoungGen      total 138240K, used 138212K [0x00000000eab00000, 0x00000000f8e00000, 0x0000000100000000)
  eden space 133120K, 100% used [0x00000000eab00000,0x00000000f2d00000,0x00000000f2d00000)
  from space 5120K, 99% used [0x00000000f2d00000,0x00000000f31f92e8,0x00000000f3200000)
  to   space 47104K, 0% used [0x00000000f6000000,0x00000000f6000000,0x00000000f8e00000)
 ParOldGen       total 144896K, used 98601K [0x00000000c0000000, 0x00000000c8d80000, 0x00000000eab00000)
  object space 144896K, 68% used [0x00000000c0000000,0x00000000c604a450,0x00000000c8d80000)
 Metaspace       used 6113K, capacity 7032K, committed 7296K, reserved 1056768K
  class space    used 608K, capacity 624K, committed 640K, reserved 1048576K
Event: 13.674 GC heap after
Heap after GC invocations=7 (full 1):
 PSYoungGen      total 157696K, used 47081K [0x00000000eab00000, 0x00000000ff980000, 0x0000000100000000)
  eden space 110592K, 0% used [0x00000000eab00000,0x00000000eab00000,0x00000000f1700000)
  from space 47104K, 99% used [0x00000000f6000000,0x00000000f8dfa518,0x00000000f8e00000)
  to   space 74752K, 0% used [0x00000000f1700000,0x00000000f1700000,0x00000000f6000000)
 ParOldGen       total 144896K, used 131135K [0x00000000c0000000, 0x00000000c8d80000, 0x00000000eab00000)
  object space 144896K, 90% used [0x00000000c0000000,0x00000000c800fdb8,0x00000000c8d80000)
 Metaspace       used 6113K, capacity 7032K, committed 7296K, reserved 1056768K
  class space    used 608K, capacity 624K, committed 640K, reserved 1048576K
}
Event: 13.674 GC heap before
{Heap before GC invocations=8 (full 2):
 PSYoungGen      total 157696K, used 47081K [0x00000000eab00000, 0x00000000ff980000, 0x0000000100000000)
  eden space 110592K, 0% used [0x00000000eab00000,0x00000000eab00000,0x00000000f1700000)
  from space 47104K, 99% used [0x00000000f6000000,0x00000000f8dfa518,0x00000000f8e00000)
  to   space 74752K, 0% used [0x00000000f1700000,0x00000000f1700000,0x00000000f6000000)
 ParOldGen       total 144896K, used 131135K [0x00000000c0000000, 0x00000000c8d80000, 0x00000000eab00000)
  object space 144896K, 90% used [0x00000000c0000000,0x00000000c800fdb8,0x00000000c8d80000)
 Metaspace       used 6113K, capacity 7032K, committed 7296K, reserved 1056768K
  class space    used 608K, capacity 624K, committed 640K, reserved 1048576K
Event: 14.905 GC heap after
Heap after GC invocations=8 (full 2):
 PSYoungGen      total 157696K, used 0K [0x00000000eab00000, 0x00000000ff980000, 0x0000000100000000)
  eden space 110592K, 0% used [0x00000000eab00000,0x00000000eab00000,0x00000000f1700000)
  from space 47104K, 0% used [0x00000000f6000000,0x00000000f6000000,0x00000000f8e00000)
  to   space 74752K, 0% used [0x00000000f1700000,0x00000000f1700000,0x00000000f6000000)
 ParOldGen       total 144896K, used 88295K [0x00000000c0000000, 0x00000000c8d80000, 0x00000000eab00000)
  object space 144896K, 60% used [0x00000000c0000000,0x00000000c5639e98,0x00000000c8d80000)
 Metaspace       used 6113K, capacity 7032K, committed 7296K, reserved 1056768K
  class space    used 608K, capacity 624K, committed 640K, reserved 1048576K
}

