# JRE version: Java(TM) SE Runtime Environment (8.0_91-b14) (build 1.8.0_91-b14)
# Java VM: Java HotSpot(TM) 64-Bit Server VM (25.91-b14 mixed mode windows-amd64 compressed oops)
Heap:
 PSYoungGen      total 161280K, used 65776K [0x00000000eab00000, 0x00000000f7400000, 0x0000000100000000)
  eden space 124928K, 52% used [0x00000000eab00000,0x00000000eeb3c220,0x00000000f2500000)
  from space 36352K, 0% used [0x00000000f2500000,0x00000000f2500000,0x00000000f4880000)
  to   space 28160K, 0% used [0x00000000f4880000,0x00000000f4880000,0x00000000f6400000)
 ParOldGen       total 87552K, used 67737K [0x00000000c0000000, 0x00000000c5580000, 0x00000000eab00000)
  object space 87552K, 77% used [0x00000000c0000000,0x00000000c42264c0,0x00000000c5580000)
 Metaspace       used 6145K, capacity 7152K, committed 7296K, reserved 1056768K
  class space    used 590K, capacity 616K, committed 640K, reserved 1048576K
GC Heap History (10 events):
Event: 7.986 GC heap before
{Heap before GC invocations=4 (full 0):
 PSYoungGen      total 38400K, used 38374K [0x00000000eab00000, 0x00000000ef600000, 0x0000000100000000)
  eden space 33280K, 100% used [0x00000000eab00000,0x00000000ecb80000,0x00000000ecb80000)
  from space 5120K, 99% used [0x00000000ecb80000,0x00000000ed079828,0x00000000ed080000)
  to   space 5120K, 0% used [0x00000000ef100000,0x00000000ef100000,0x00000000ef600000)
 ParOldGen       total 87552K, used 13164K [0x00000000c0000000, 0x00000000c5580000, 0x00000000eab00000)
  object space 87552K, 15% used [0x00000000c0000000,0x00000000c0cdb050,0x00000000c5580000)
 Metaspace       used 6058K, capacity 7088K, committed 7296K, reserved 1056768K
  class space    used 586K, capacity 616K, committed 640K, reserved 1048576K
Event: 8.137 GC heap after
Heap after GC invocations=4 (full 0):
 PSYoungGen      total 71680K, used 5116K [0x00000000eab00000, 0x00000000ef600000, 0x0000000100000000)
  eden space 66560K, 0% used [0x00000000eab00000,0x00000000eab00000,0x00000000eec00000)
  from space 5120K, 99% used [0x00000000ef100000,0x00000000ef5ff220,0x00000000ef600000)
  to   space 5120K, 0% used [0x00000000eec00000,0x00000000eec00000,0x00000000ef100000)
 ParOldGen       total 87552K, used 22349K [0x00000000c0000000, 0x00000000c5580000, 0x00000000eab00000)
  object space 87552K, 25% used [0x00000000c0000000,0x00000000c15d3480,0x00000000c5580000)
 Metaspace       used 6058K, capacity 7088K, committed 7296K, reserved 1056768K
  class space    used 586K, capacity 616K, committed 640K, reserved 1048576K
}
Event: 9.632 GC heap before
{Heap before GC invocations=5 (full 0):
 PSYoungGen      total 71680K, used 71676K [0x00000000eab00000, 0x00000000ef600000, 0x0000000100000000)
  eden space 66560K, 100% used [0x00000000eab00000,0x00000000eec00000,0x00000000eec00000)
  from space 5120K, 99% used [0x00000000ef100000,0x00000000ef5ff220,0x00000000ef600000)
  to   space 5120K, 0% used [0x00000000eec00000,0x00000000eec00000,0x00000000ef100000)
 ParOldGen       total 87552K, used 22349K [0x00000000c0000000, 0x00000000c5580000, 0x00000000eab00000)
  object space 87552K, 25% used [0x00000000c0000000,0x00000000c15d3480,0x00000000c5580000)
 Metaspace       used 6093K, capacity 7088K, committed 7296K, reserved 1056768K
  class space    used 590K, capacity 616K, committed 640K, reserved 1048576K
Event: 9.837 GC heap after
Heap after GC invocations=5 (full 0):
 PSYoungGen      total 71680K, used 5105K [0x00000000eab00000, 0x00000000f6400000, 0x0000000100000000)
  eden space 66560K, 0% used [0x00000000eab00000,0x00000000eab00000,0x00000000eec00000)
  from space 5120K, 99% used [0x00000000eec00000,0x00000000ef0fc720,0x00000000ef100000)
  to   space 28160K, 0% used [0x00000000f4880000,0x00000000f4880000,0x00000000f6400000)
 ParOldGen       total 87552K, used 47533K [0x00000000c0000000, 0x00000000c5580000, 0x00000000eab00000)
  object space 87552K, 54% used [0x00000000c0000000,0x00000000c2e6b5d8,0x00000000c5580000)
 Metaspace       used 6093K, capacity 7088K, committed 7296K, reserved 1056768K
  class space    used 590K, capacity 616K, committed 640K, reserved 1048576K
}
Event: 11.251 GC heap before
{Heap before GC invocations=6 (full 0):
 PSYoungGen      total 71680K, used 71665K [0x00000000eab00000, 0x00000000f6400000, 0x0000000100000000)
  eden space 66560K, 100% used [0x00000000eab00000,0x00000000eec00000,0x00000000eec00000)
  from space 5120K, 99% used [0x00000000eec00000,0x00000000ef0fc720,0x00000000ef100000)
  to   space 28160K, 0% used [0x00000000f4880000,0x00000000f4880000,0x00000000f6400000)
 ParOldGen       total 87552K, used 47533K [0x00000000c0000000, 0x00000000c5580000, 0x00000000eab00000)
  object space 87552K, 54% used [0x00000000c0000000,0x00000000c2e6b5d8,0x00000000c5580000)
 Metaspace       used 6106K, capacity 7088K, committed 7296K, reserved 1056768K
  class space    used 590K, capacity 616K, committed 640K, reserved 1048576K
Event: 11.397 GC heap after
Heap after GC invocations=6 (full 0):
 PSYoungGen      total 153088K, used 28142K [0x00000000eab00000, 0x00000000f7400000, 0x0000000100000000)
  eden space 124928K, 0% used [0x00000000eab00000,0x00000000eab00000,0x00000000f2500000)
  from space 28160K, 99% used [0x00000000f4880000,0x00000000f63fba78,0x00000000f6400000)
  to   space 36352K, 0% used [0x00000000f2500000,0x00000000f2500000,0x00000000f4880000)
 ParOldGen       total 87552K, used 52211K [0x00000000c0000000, 0x00000000c5580000, 0x00000000eab00000)
  object space 87552K, 59% used [0x00000000c0000000,0x00000000c32fcc60,0x00000000c5580000)
 Metaspace       used 6106K, capacity 7088K, committed 7296K, reserved 1056768K
  class space    used 590K, capacity 616K, committed 640K, reserved 1048576K
}
Event: 14.168 GC heap before
{Heap before GC invocations=7 (full 0):
 PSYoungGen      total 153088K, used 153070K [0x00000000eab00000, 0x00000000f7400000, 0x0000000100000000)
  eden space 124928K, 100% used [0x00000000eab00000,0x00000000f2500000,0x00000000f2500000)
  from space 28160K, 99% used [0x00000000f4880000,0x00000000f63fba78,0x00000000f6400000)
  to   space 36352K, 0% used [0x00000000f2500000,0x00000000f2500000,0x00000000f4880000)
 ParOldGen       total 87552K, used 52211K [0x00000000c0000000, 0x00000000c5580000, 0x00000000eab00000)
  object space 87552K, 59% used [0x00000000c0000000,0x00000000c32fcc60,0x00000000c5580000)
 Metaspace       used 6136K, capacity 7152K, committed 7296K, reserved 1056768K
  class space    used 590K, capacity 616K, committed 640K, reserved 1048576K
Event: 14.659 GC heap after
Heap after GC invocations=7 (full 0):
 PSYoungGen      total 161280K, used 36337K [0x00000000eab00000, 0x00000000f7400000, 0x0000000100000000)
  eden space 124928K, 0% used [0x00000000eab00000,0x00000000eab00000,0x00000000f2500000)
  from space 36352K, 99% used [0x00000000f2500000,0x00000000f487c7f0,0x00000000f4880000)
  to   space 28160K, 0% used [0x00000000f4880000,0x00000000f4880000,0x00000000f6400000)
 ParOldGen       total 87552K, used 83125K [0x00000000c0000000, 0x00000000c5580000, 0x00000000eab00000)
  object space 87552K, 94% used [0x00000000c0000000,0x00000000c512d5a0,0x00000000c5580000)
 Metaspace       used 6136K, capacity 7152K, committed 7296K, reserved 1056768K
  class space    used 590K, capacity 616K, committed 640K, reserved 1048576K
}
Event: 14.659 GC heap before
{Heap before GC invocations=8 (full 1):
 PSYoungGen      total 161280K, used 36337K [0x00000000eab00000, 0x00000000f7400000, 0x0000000100000000)
  eden space 124928K, 0% used [0x00000000eab00000,0x00000000eab00000,0x00000000f2500000)
  from space 36352K, 99% used [0x00000000f2500000,0x00000000f487c7f0,0x00000000f4880000)
  to   space 28160K, 0% used [0x00000000f4880000,0x00000000f4880000,0x00000000f6400000)
 ParOldGen       total 87552K, used 83125K [0x00000000c0000000, 0x00000000c5580000, 0x00000000eab00000)
  object space 87552K, 94% used [0x00000000c0000000,0x00000000c512d5a0,0x00000000c5580000)
 Metaspace       used 6136K, capacity 7152K, committed 7296K, reserved 1056768K
  class space    used 590K, capacity 616K, committed 640K, reserved 1048576K
Event: 16.252 GC heap after
Heap after GC invocations=8 (full 1):
 PSYoungGen      total 161280K, used 0K [0x00000000eab00000, 0x00000000f7400000, 0x0000000100000000)
  eden space 124928K, 0% used [0x00000000eab00000,0x00000000eab00000,0x00000000f2500000)
  from space 36352K, 0% used [0x00000000f2500000,0x00000000f2500000,0x00000000f4880000)
  to   space 28160K, 0% used [0x00000000f4880000,0x00000000f4880000,0x00000000f6400000)
 ParOldGen       total 87552K, used 67737K [0x00000000c0000000, 0x00000000c5580000, 0x00000000eab00000)
  object space 87552K, 77% used [0x00000000c0000000,0x00000000c42264c0,0x00000000c5580000)
 Metaspace       used 6136K, capacity 7152K, committed 7296K, reserved 1056768K
  class space    used 590K, capacity 616K, committed 640K, reserved 1048576K
}

