# JRE version: Java(TM) SE Runtime Environment (8.0_91-b14) (build 1.8.0_91-b14)
# Java VM: Java HotSpot(TM) 64-Bit Server VM (25.91-b14 mixed mode windows-amd64 compressed oops)
Heap:
 PSYoungGen      total 245248K, used 18860K [0x00000000eab00000, 0x0000000100000000, 0x0000000100000000)
  eden space 190464K, 9% used [0x00000000eab00000,0x00000000ebd6b288,0x00000000f6500000)
  from space 54784K, 0% used [0x00000000fc800000,0x00000000fc800000,0x00000000ffd80000)
  to   space 79360K, 0% used [0x00000000f6500000,0x00000000f6500000,0x00000000fb280000)
 ParOldGen       total 255488K, used 119214K [0x00000000c0000000, 0x00000000cf980000, 0x00000000eab00000)
  object space 255488K, 46% used [0x00000000c0000000,0x00000000c746b9d0,0x00000000cf980000)
 Metaspace       used 6199K, capacity 7152K, committed 7296K, reserved 1056768K
  class space    used 593K, capacity 616K, committed 640K, reserved 1048576K
GC Heap History (10 events):
Event: 14.341 GC heap before
{Heap before GC invocations=6 (full 1):
 PSYoungGen      total 138240K, used 5118K [0x00000000eab00000, 0x00000000ffe00000, 0x0000000100000000)
  eden space 133120K, 0% used [0x00000000eab00000,0x00000000eab00000,0x00000000f2d00000)
  from space 5120K, 99% used [0x00000000f2d00000,0x00000000f31ff970,0x00000000f3200000)
  to   space 40448K, 0% used [0x00000000fd680000,0x00000000fd680000,0x00000000ffe00000)
 ParOldGen       total 87552K, used 72147K [0x00000000c0000000, 0x00000000c5580000, 0x00000000eab00000)
  object space 87552K, 82% used [0x00000000c0000000,0x00000000c4674c30,0x00000000c5580000)
 Metaspace       used 6138K, capacity 7152K, committed 7296K, reserved 1056768K
  class space    used 590K, capacity 616K, committed 640K, reserved 1048576K
Event: 16.181 GC heap after
Heap after GC invocations=6 (full 1):
 PSYoungGen      total 138240K, used 0K [0x00000000eab00000, 0x00000000ffe00000, 0x0000000100000000)
  eden space 133120K, 0% used [0x00000000eab00000,0x00000000eab00000,0x00000000f2d00000)
  from space 5120K, 0% used [0x00000000f2d00000,0x00000000f2d00000,0x00000000f3200000)
  to   space 40448K, 0% used [0x00000000fd680000,0x00000000fd680000,0x00000000ffe00000)
 ParOldGen       total 135168K, used 45046K [0x00000000c0000000, 0x00000000c8400000, 0x00000000eab00000)
  object space 135168K, 33% used [0x00000000c0000000,0x00000000c2bfdb50,0x00000000c8400000)
 Metaspace       used 6138K, capacity 7152K, committed 7296K, reserved 1056768K
  class space    used 590K, capacity 616K, committed 640K, reserved 1048576K
}
Event: 19.022 GC heap before
{Heap before GC invocations=7 (full 1):
 PSYoungGen      total 138240K, used 133120K [0x00000000eab00000, 0x00000000ffe00000, 0x0000000100000000)
  eden space 133120K, 100% used [0x00000000eab00000,0x00000000f2d00000,0x00000000f2d00000)
  from space 5120K, 0% used [0x00000000f2d00000,0x00000000f2d00000,0x00000000f3200000)
  to   space 40448K, 0% used [0x00000000fd680000,0x00000000fd680000,0x00000000ffe00000)
 ParOldGen       total 135168K, used 45046K [0x00000000c0000000, 0x00000000c8400000, 0x00000000eab00000)
  object space 135168K, 33% used [0x00000000c0000000,0x00000000c2bfdb50,0x00000000c8400000)
 Metaspace       used 6150K, capacity 7152K, committed 7296K, reserved 1056768K
  class space    used 590K, capacity 616K, committed 640K, reserved 1048576K
Event: 19.120 GC heap after
Heap after GC invocations=7 (full 1):
 PSYoungGen      total 192000K, used 16755K [0x00000000eab00000, 0x00000000fe700000, 0x0000000100000000)
  eden space 175104K, 0% used [0x00000000eab00000,0x00000000eab00000,0x00000000f5600000)
  from space 16896K, 99% used [0x00000000fd680000,0x00000000fe6dcd98,0x00000000fe700000)
  to   space 37888K, 0% used [0x00000000f9d00000,0x00000000f9d00000,0x00000000fc200000)
 ParOldGen       total 135168K, used 45054K [0x00000000c0000000, 0x00000000c8400000, 0x00000000eab00000)
  object space 135168K, 33% used [0x00000000c0000000,0x00000000c2bffb50,0x00000000c8400000)
 Metaspace       used 6150K, capacity 7152K, committed 7296K, reserved 1056768K
  class space    used 590K, capacity 616K, committed 640K, reserved 1048576K
}
Event: 22.516 GC heap before
{Heap before GC invocations=8 (full 1):
 PSYoungGen      total 192000K, used 191859K [0x00000000eab00000, 0x00000000fe700000, 0x0000000100000000)
  eden space 175104K, 100% used [0x00000000eab00000,0x00000000f5600000,0x00000000f5600000)
  from space 16896K, 99% used [0x00000000fd680000,0x00000000fe6dcd98,0x00000000fe700000)
  to   space 37888K, 0% used [0x00000000f9d00000,0x00000000f9d00000,0x00000000fc200000)
 ParOldGen       total 135168K, used 45054K [0x00000000c0000000, 0x00000000c8400000, 0x00000000eab00000)
  object space 135168K, 33% used [0x00000000c0000000,0x00000000c2bffb50,0x00000000c8400000)
 Metaspace       used 6167K, capacity 7152K, committed 7296K, reserved 1056768K
  class space    used 591K, capacity 616K, committed 640K, reserved 1048576K
Event: 22.860 GC heap after
Heap after GC invocations=8 (full 1):
 PSYoungGen      total 274944K, used 37879K [0x00000000eab00000, 0x00000000ffd80000, 0x0000000100000000)
  eden space 237056K, 0% used [0x00000000eab00000,0x00000000eab00000,0x00000000f9280000)
  from space 37888K, 99% used [0x00000000f9d00000,0x00000000fc1fde18,0x00000000fc200000)
  to   space 54784K, 0% used [0x00000000fc800000,0x00000000fc800000,0x00000000ffd80000)
 ParOldGen       total 135168K, used 65461K [0x00000000c0000000, 0x00000000c8400000, 0x00000000eab00000)
  object space 135168K, 48% used [0x00000000c0000000,0x00000000c3fed5d8,0x00000000c8400000)
 Metaspace       used 6167K, capacity 7152K, committed 7296K, reserved 1056768K
  class space    used 591K, capacity 616K, committed 640K, reserved 1048576K
}
Event: 27.211 GC heap before
{Heap before GC invocations=9 (full 1):
 PSYoungGen      total 274944K, used 274935K [0x00000000eab00000, 0x00000000ffd80000, 0x0000000100000000)
  eden space 237056K, 100% used [0x00000000eab00000,0x00000000f9280000,0x00000000f9280000)
  from space 37888K, 99% used [0x00000000f9d00000,0x00000000fc1fde18,0x00000000fc200000)
  to   space 54784K, 0% used [0x00000000fc800000,0x00000000fc800000,0x00000000ffd80000)
 ParOldGen       total 135168K, used 65461K [0x00000000c0000000, 0x00000000c8400000, 0x00000000eab00000)
  object space 135168K, 48% used [0x00000000c0000000,0x00000000c3fed5d8,0x00000000c8400000)
 Metaspace       used 6199K, capacity 7152K, committed 7296K, reserved 1056768K
  class space    used 593K, capacity 616K, committed 640K, reserved 1048576K
Event: 27.735 GC heap after
Heap after GC invocations=9 (full 1):
 PSYoungGen      total 245248K, used 54782K [0x00000000eab00000, 0x0000000100000000, 0x0000000100000000)
  eden space 190464K, 0% used [0x00000000eab00000,0x00000000eab00000,0x00000000f6500000)
  from space 54784K, 99% used [0x00000000fc800000,0x00000000ffd7fa28,0x00000000ffd80000)
  to   space 79360K, 0% used [0x00000000f6500000,0x00000000f6500000,0x00000000fb280000)
 ParOldGen       total 135168K, used 99847K [0x00000000c0000000, 0x00000000c8400000, 0x00000000eab00000)
  object space 135168K, 73% used [0x00000000c0000000,0x00000000c6181e28,0x00000000c8400000)
 Metaspace       used 6199K, capacity 7152K, committed 7296K, reserved 1056768K
  class space    used 593K, capacity 616K, committed 640K, reserved 1048576K
}
Event: 27.735 GC heap before
{Heap before GC invocations=10 (full 2):
 PSYoungGen      total 245248K, used 54782K [0x00000000eab00000, 0x0000000100000000, 0x0000000100000000)
  eden space 190464K, 0% used [0x00000000eab00000,0x00000000eab00000,0x00000000f6500000)
  from space 54784K, 99% used [0x00000000fc800000,0x00000000ffd7fa28,0x00000000ffd80000)
  to   space 79360K, 0% used [0x00000000f6500000,0x00000000f6500000,0x00000000fb280000)
 ParOldGen       total 135168K, used 99847K [0x00000000c0000000, 0x00000000c8400000, 0x00000000eab00000)
  object space 135168K, 73% used [0x00000000c0000000,0x00000000c6181e28,0x00000000c8400000)
 Metaspace       used 6199K, capacity 7152K, committed 7296K, reserved 1056768K
  class space    used 593K, capacity 616K, committed 640K, reserved 1048576K
Event: 31.190 GC heap after
Heap after GC invocations=10 (full 2):
 PSYoungGen      total 245248K, used 0K [0x00000000eab00000, 0x0000000100000000, 0x0000000100000000)
  eden space 190464K, 0% used [0x00000000eab00000,0x00000000eab00000,0x00000000f6500000)
  from space 54784K, 0% used [0x00000000fc800000,0x00000000fc800000,0x00000000ffd80000)
  to   space 79360K, 0% used [0x00000000f6500000,0x00000000f6500000,0x00000000fb280000)
 ParOldGen       total 255488K, used 119214K [0x00000000c0000000, 0x00000000cf980000, 0x00000000eab00000)
  object space 255488K, 46% used [0x00000000c0000000,0x00000000c746b9d0,0x00000000cf980000)
 Metaspace       used 6199K, capacity 7152K, committed 7296K, reserved 1056768K
  class space    used 593K, capacity 616K, committed 640K, reserved 1048576K
}

