# JRE version: Java(TM) SE Runtime Environment (8.0_91-b14) (build 1.8.0_91-b14)
# Java VM: Java HotSpot(TM) 64-Bit Server VM (25.91-b14 mixed mode windows-amd64 compressed oops)
Heap:
 PSYoungGen      total 194048K, used 52149K [0x00000000eab00000, 0x00000000fb380000, 0x0000000100000000)
  eden space 136192K, 5% used [0x00000000eab00000,0x00000000eb1d7b98,0x00000000f3000000)
  from space 57856K, 78% used [0x00000000f6c00000,0x00000000f9815968,0x00000000fa480000)
  to   space 61440K, 0% used [0x00000000f3000000,0x00000000f3000000,0x00000000f6c00000)
 ParOldGen       total 192512K, used 79093K [0x00000000c0000000, 0x00000000cbc00000, 0x00000000eab00000)
  object space 192512K, 41% used [0x00000000c0000000,0x00000000c4d3d5c8,0x00000000cbc00000)
 Metaspace       used 6217K, capacity 7216K, committed 7296K, reserved 1056768K
  class space    used 597K, capacity 616K, committed 640K, reserved 1048576K
GC Heap History (10 events):
Event: 36.302 GC heap before
{Heap before GC invocations=8 (full 1):
 PSYoungGen      total 133632K, used 133226K [0x00000000eab00000, 0x00000000f6c00000, 0x0000000100000000)
  eden space 105472K, 100% used [0x00000000eab00000,0x00000000f1200000,0x00000000f1200000)
  from space 28160K, 98% used [0x00000000f5080000,0x00000000f6b9a878,0x00000000f6c00000)
  to   space 38912K, 0% used [0x00000000f2000000,0x00000000f2000000,0x00000000f4600000)
 ParOldGen       total 132608K, used 54277K [0x00000000c0000000, 0x00000000c8180000, 0x00000000eab00000)
  object space 132608K, 40% used [0x00000000c0000000,0x00000000c3501720,0x00000000c8180000)
 Metaspace       used 6082K, capacity 7088K, committed 7296K, reserved 1056768K
  class space    used 589K, capacity 616K, committed 640K, reserved 1048576K
Event: 37.450 GC heap after
Heap after GC invocations=8 (full 1):
 PSYoungGen      total 144384K, used 32728K [0x00000000eab00000, 0x00000000f6c00000, 0x0000000100000000)
  eden space 105472K, 0% used [0x00000000eab00000,0x00000000eab00000,0x00000000f1200000)
  from space 38912K, 84% used [0x00000000f2000000,0x00000000f3ff63e8,0x00000000f4600000)
  to   space 28160K, 0% used [0x00000000f5080000,0x00000000f5080000,0x00000000f6c00000)
 ParOldGen       total 132608K, used 54285K [0x00000000c0000000, 0x00000000c8180000, 0x00000000eab00000)
  object space 132608K, 40% used [0x00000000c0000000,0x00000000c3503720,0x00000000c8180000)
 Metaspace       used 6082K, capacity 7088K, committed 7296K, reserved 1056768K
  class space    used 589K, capacity 616K, committed 640K, reserved 1048576K
}
Event: 39.426 GC heap before
{Heap before GC invocations=9 (full 1):
 PSYoungGen      total 144384K, used 138200K [0x00000000eab00000, 0x00000000f6c00000, 0x0000000100000000)
  eden space 105472K, 100% used [0x00000000eab00000,0x00000000f1200000,0x00000000f1200000)
  from space 38912K, 84% used [0x00000000f2000000,0x00000000f3ff63e8,0x00000000f4600000)
  to   space 28160K, 0% used [0x00000000f5080000,0x00000000f5080000,0x00000000f6c00000)
 ParOldGen       total 132608K, used 54285K [0x00000000c0000000, 0x00000000c8180000, 0x00000000eab00000)
  object space 132608K, 40% used [0x00000000c0000000,0x00000000c3503720,0x00000000c8180000)
 Metaspace       used 6090K, capacity 7088K, committed 7296K, reserved 1056768K
  class space    used 590K, capacity 616K, committed 640K, reserved 1048576K
Event: 39.792 GC heap after
Heap after GC invocations=9 (full 1):
 PSYoungGen      total 137216K, used 28149K [0x00000000eab00000, 0x00000000fca80000, 0x0000000100000000)
  eden space 109056K, 0% used [0x00000000eab00000,0x00000000eab00000,0x00000000f1580000)
  from space 28160K, 99% used [0x00000000f5080000,0x00000000f6bfd560,0x00000000f6c00000)
  to   space 60416K, 0% used [0x00000000f1580000,0x00000000f1580000,0x00000000f5080000)
 ParOldGen       total 132608K, used 93771K [0x00000000c0000000, 0x00000000c8180000, 0x00000000eab00000)
  object space 132608K, 70% used [0x00000000c0000000,0x00000000c5b92ce0,0x00000000c8180000)
 Metaspace       used 6090K, capacity 7088K, committed 7296K, reserved 1056768K
  class space    used 590K, capacity 616K, committed 640K, reserved 1048576K
}
Event: 39.792 GC heap before
{Heap before GC invocations=10 (full 2):
 PSYoungGen      total 137216K, used 28149K [0x00000000eab00000, 0x00000000fca80000, 0x0000000100000000)
  eden space 109056K, 0% used [0x00000000eab00000,0x00000000eab00000,0x00000000f1580000)
  from space 28160K, 99% used [0x00000000f5080000,0x00000000f6bfd560,0x00000000f6c00000)
  to   space 60416K, 0% used [0x00000000f1580000,0x00000000f1580000,0x00000000f5080000)
 ParOldGen       total 132608K, used 93771K [0x00000000c0000000, 0x00000000c8180000, 0x00000000eab00000)
  object space 132608K, 70% used [0x00000000c0000000,0x00000000c5b92ce0,0x00000000c8180000)
 Metaspace       used 6090K, capacity 7088K, committed 7296K, reserved 1056768K
  class space    used 590K, capacity 616K, committed 640K, reserved 1048576K
Event: 42.845 GC heap after
Heap after GC invocations=10 (full 2):
 PSYoungGen      total 137216K, used 0K [0x00000000eab00000, 0x00000000fca80000, 0x0000000100000000)
  eden space 109056K, 0% used [0x00000000eab00000,0x00000000eab00000,0x00000000f1580000)
  from space 28160K, 0% used [0x00000000f5080000,0x00000000f5080000,0x00000000f6c00000)
  to   space 60416K, 0% used [0x00000000f1580000,0x00000000f1580000,0x00000000f5080000)
 ParOldGen       total 192512K, used 79085K [0x00000000c0000000, 0x00000000cbc00000, 0x00000000eab00000)
  object space 192512K, 41% used [0x00000000c0000000,0x00000000c4d3b5c8,0x00000000cbc00000)
 Metaspace       used 6090K, capacity 7088K, committed 7296K, reserved 1056768K
  class space    used 590K, capacity 616K, committed 640K, reserved 1048576K
}
Event: 50.130 GC heap before
{Heap before GC invocations=11 (full 2):
 PSYoungGen      total 137216K, used 109056K [0x00000000eab00000, 0x00000000fca80000, 0x0000000100000000)
  eden space 109056K, 100% used [0x00000000eab00000,0x00000000f1580000,0x00000000f1580000)
  from space 28160K, 0% used [0x00000000f5080000,0x00000000f5080000,0x00000000f6c00000)
  to   space 60416K, 0% used [0x00000000f1580000,0x00000000f1580000,0x00000000f5080000)
 ParOldGen       total 192512K, used 79085K [0x00000000c0000000, 0x00000000cbc00000, 0x00000000eab00000)
  object space 192512K, 41% used [0x00000000c0000000,0x00000000c4d3b5c8,0x00000000cbc00000)
 Metaspace       used 6152K, capacity 7152K, committed 7296K, reserved 1056768K
  class space    used 593K, capacity 616K, committed 640K, reserved 1048576K
Event: 51.037 GC heap after
Heap after GC invocations=11 (full 2):
 PSYoungGen      total 169472K, used 28968K [0x00000000eab00000, 0x00000000fa480000, 0x0000000100000000)
  eden space 109056K, 0% used [0x00000000eab00000,0x00000000eab00000,0x00000000f1580000)
  from space 60416K, 47% used [0x00000000f1580000,0x00000000f31ca1b8,0x00000000f5080000)
  to   space 57856K, 0% used [0x00000000f6c00000,0x00000000f6c00000,0x00000000fa480000)
 ParOldGen       total 192512K, used 79093K [0x00000000c0000000, 0x00000000cbc00000, 0x00000000eab00000)
  object space 192512K, 41% used [0x00000000c0000000,0x00000000c4d3d5c8,0x00000000cbc00000)
 Metaspace       used 6152K, capacity 7152K, committed 7296K, reserved 1056768K
  class space    used 593K, capacity 616K, committed 640K, reserved 1048576K
}
Event: 55.455 GC heap before
{Heap before GC invocations=12 (full 2):
 PSYoungGen      total 169472K, used 138024K [0x00000000eab00000, 0x00000000fa480000, 0x0000000100000000)
  eden space 109056K, 100% used [0x00000000eab00000,0x00000000f1580000,0x00000000f1580000)
  from space 60416K, 47% used [0x00000000f1580000,0x00000000f31ca1b8,0x00000000f5080000)
  to   space 57856K, 0% used [0x00000000f6c00000,0x00000000f6c00000,0x00000000fa480000)
 ParOldGen       total 192512K, used 79093K [0x00000000c0000000, 0x00000000cbc00000, 0x00000000eab00000)
  object space 192512K, 41% used [0x00000000c0000000,0x00000000c4d3d5c8,0x00000000cbc00000)
 Metaspace       used 6152K, capacity 7152K, committed 7296K, reserved 1056768K
  class space    used 593K, capacity 616K, committed 640K, reserved 1048576K
Event: 58.096 GC heap after
Heap after GC invocations=12 (full 2):
 PSYoungGen      total 194048K, used 45142K [0x00000000eab00000, 0x00000000fb380000, 0x0000000100000000)
  eden space 136192K, 0% used [0x00000000eab00000,0x00000000eab00000,0x00000000f3000000)
  from space 57856K, 78% used [0x00000000f6c00000,0x00000000f9815968,0x00000000fa480000)
  to   space 61440K, 0% used [0x00000000f3000000,0x00000000f3000000,0x00000000f6c00000)
 ParOldGen       total 192512K, used 79093K [0x00000000c0000000, 0x00000000cbc00000, 0x00000000eab00000)
  object space 192512K, 41% used [0x00000000c0000000,0x00000000c4d3d5c8,0x00000000cbc00000)
 Metaspace       used 6152K, capacity 7152K, committed 7296K, reserved 1056768K
  class space    used 593K, capacity 616K, committed 640K, reserved 1048576K
}

